<?xml version="1.0" encoding="UTF-8"?>
<!-- Generated by org.testng.reporters.JUnitReportReporter -->
<testsuite hostname="DESKTOP-H7G7QLM" failures="0" tests="1" name="com.testCases.JMB_TC_004" time="12.484" errors="0" timestamp="02 Mar 2020 20:48:04 GMT" skipped="0">
  <testcase classname="com.testCases.JMB_TC_004" name="JMB_TC_004" time="12.484"/>
</testsuite> <!-- com.testCases.JMB_TC_004 -->
